2020-08-12 00:14:25,435 - INFO - Crawler has started working.
2020-08-12 00:14:25,435 - INFO - 404.txt exist.
2020-08-12 00:14:25,435 - INFO - Start comparing ROOT URL: http://www.people.com.cn/
2020-08-12 00:14:25,435 - INFO - Start downloading current HTML: http://www.people.com.cn/
2020-08-12 00:14:25,437 - INFO - urlopen: http://www.people.com.cn/
2020-08-12 00:14:25,464 - INFO - Read data successfully
2020-08-12 00:14:26,284 - INFO - Start parsing
2020-08-12 00:14:26,374 - INFO - Start downloading url: http://military.people.com.cn/GB/8221/84385/413328/index.html
2020-08-12 00:14:26,375 - INFO - urlopen: http://military.people.com.cn/GB/8221/84385/413328/index.html
2020-08-12 00:14:26,432 - INFO - Read data successfully
2020-08-12 00:14:26,682 - INFO - Start downloading url: http://paper.people.com.cn/rmrb/index.html
2020-08-12 00:14:26,683 - INFO - urlopen: http://paper.people.com.cn/rmrb/index.html
2020-08-12 00:14:26,820 - INFO - Read data successfully
2020-08-12 00:14:26,823 - INFO - Start downloading url: http://history.people.com.cn/GB/198819/index.html
2020-08-12 00:14:26,824 - INFO - urlopen: http://history.people.com.cn/GB/198819/index.html
2020-08-12 00:14:26,928 - INFO - Read data successfully
2020-08-12 00:14:27,041 - INFO - Start downloading url: http://bbs1.people.com.cn/board/2.html
2020-08-12 00:14:27,042 - INFO - urlopen: http://bbs1.people.com.cn/board/2.html
2020-08-12 00:14:28,310 - INFO - Read data successfully
2020-08-12 00:14:29,399 - INFO - Start downloading url: http://bbs1.people.com.cn/board/1.html
2020-08-12 00:14:29,400 - INFO - urlopen: http://bbs1.people.com.cn/board/1.html
2020-08-12 00:14:29,558 - INFO - Read data successfully
2020-08-12 00:14:30,317 - INFO - Start downloading url: http://www.people.com.cn/GB/138812/index.html
2020-08-12 00:14:30,318 - INFO - urlopen: http://www.people.com.cn/GB/138812/index.html
2020-08-12 00:14:30,344 - INFO - Read data successfully
2020-08-12 00:14:30,546 - INFO - Start downloading url: http://cpc.people.com.cn/GB/69112/113427/index.html
2020-08-12 00:14:30,547 - INFO - urlopen: http://cpc.people.com.cn/GB/69112/113427/index.html
2020-08-12 00:14:30,611 - INFO - Read data successfully
2020-08-12 00:14:30,653 - INFO - Start downloading url: http://www.chinaql.org/GB/index.html
2020-08-12 00:14:30,654 - INFO - urlopen: http://www.chinaql.org/GB/index.html
2020-08-12 00:14:30,863 - INFO - Read data successfully
2020-08-12 00:14:31,149 - INFO - Start downloading url: http://scitech.people.com.cn/GB/1059/427072/index.html?from=singlemessage&isappinstalled=0
2020-08-12 00:14:31,150 - INFO - urlopen: http://scitech.people.com.cn/GB/1059/427072/index.html?from=singlemessage&isappinstalled=0
2020-08-12 00:14:31,213 - INFO - Read data successfully
2020-08-12 00:14:31,310 - INFO - Start downloading url: http://yunying.people.cn/GB/index.html
2020-08-12 00:14:31,310 - INFO - urlopen: http://yunying.people.cn/GB/index.html
2020-08-12 00:14:31,385 - INFO - Read data successfully
2020-08-12 00:14:31,598 - INFO - Crawling finished
